<?xml version="1.0" encoding="UTF-8"?>
<!-- Generated by org.testng.reporters.JUnitReportReporter -->
<testsuite hostname="INLEN8520087481" failures="0" tests="2" name="com.app.tests.AppTest" time="110.740" errors="0" timestamp="2023-01-09T18:53:06 IST" skipped="0">
  <testcase classname="com.app.tests.AppTest" name="verifyAddToCartPages" time="67.692"/>
  <system-out/>
  <testcase classname="com.app.tests.AppTest" name="verifyUserNamePage" time="43.048"/>
  <system-out/>
</testsuite> <!-- com.app.tests.AppTest -->
